<?xml version="1.0" encoding="UTF-8"?>
<testng-results ignored="0" total="6" passed="6" failed="0" skipped="0">
  <reporter-output>
  </reporter-output>
  <suite started-at="2026-03-04T20:47:58 IST" name="NeoPack UI Test Suite" finished-at="2026-03-04T20:48:33 IST" duration-ms="35465">
    <groups>
    </groups>
    <test started-at="2026-03-04T20:47:58 IST" name="Homepage Tests" finished-at="2026-03-04T20:48:33 IST" duration-ms="35465">
      <class name="tests.HomePageTest">
        <test-method is-config="true" signature="setUp()[pri:0, instance:tests.HomePageTest@7c469c48]" started-at="2026-03-04T20:47:58 IST" name="setUp" finished-at="2026-03-04T20:48:03 IST" duration-ms="5179" status="PASS">
          <reporter-output>
          </reporter-output>
        </test-method> <!-- setUp -->
        <test-method signature="testPageTitleExists()[pri:1, instance:tests.HomePageTest@7c469c48]" started-at="2026-03-04T20:48:03 IST" name="testPageTitleExists" finished-at="2026-03-04T20:48:05 IST" duration-ms="1735" status="PASS">
          <reporter-output>
          </reporter-output>
        </test-method> <!-- testPageTitleExists -->
        <test-method signature="testNeoBrandLinkExists()[pri:2, instance:tests.HomePageTest@7c469c48]" started-at="2026-03-04T20:48:05 IST" name="testNeoBrandLinkExists" finished-at="2026-03-04T20:48:06 IST" duration-ms="931" status="PASS">
          <reporter-output>
          </reporter-output>
        </test-method> <!-- testNeoBrandLinkExists -->
        <test-method signature="testPackTextExists()[pri:3, instance:tests.HomePageTest@7c469c48]" started-at="2026-03-04T20:48:06 IST" name="testPackTextExists" finished-at="2026-03-04T20:48:07 IST" duration-ms="782" status="PASS">
          <reporter-output>
          </reporter-output>
        </test-method> <!-- testPackTextExists -->
        <test-method signature="testToolkitSubtitle()[pri:4, instance:tests.HomePageTest@7c469c48]" started-at="2026-03-04T20:48:07 IST" name="testToolkitSubtitle" finished-at="2026-03-04T20:48:08 IST" duration-ms="964" status="PASS">
          <reporter-output>
          </reporter-output>
        </test-method> <!-- testToolkitSubtitle -->
        <test-method signature="testNavigationBarExists()[pri:5, instance:tests.HomePageTest@7c469c48]" started-at="2026-03-04T20:48:08 IST" name="testNavigationBarExists" finished-at="2026-03-04T20:48:08 IST" duration-ms="717" status="PASS">
          <reporter-output>
          </reporter-output>
        </test-method> <!-- testNavigationBarExists -->
        <test-method signature="testMainSectionExists()[pri:6, instance:tests.HomePageTest@7c469c48]" started-at="2026-03-04T20:48:08 IST" name="testMainSectionExists" finished-at="2026-03-04T20:48:09 IST" duration-ms="331" status="PASS">
          <reporter-output>
          </reporter-output>
        </test-method> <!-- testMainSectionExists -->
        <test-method is-config="true" signature="tearDown()[pri:0, instance:tests.HomePageTest@7c469c48]" started-at="2026-03-04T20:48:09 IST" name="tearDown" finished-at="2026-03-04T20:48:33 IST" duration-ms="24765" status="PASS">
          <reporter-output>
          </reporter-output>
        </test-method> <!-- tearDown -->
      </class> <!-- tests.HomePageTest -->
    </test> <!-- Homepage Tests -->
  </suite> <!-- NeoPack UI Test Suite -->
</testng-results>
