<?xml version="1.0" encoding="UTF-8"?>
<!-- Generated by org.testng.reporters.JUnitReportReporter -->
<testsuite hostname="DESKTOP-9V36H9E" failures="0" tests="6" name="tests.HomePageTest" time="5.460" errors="0" timestamp="2026-03-04T20:48:34 IST" skipped="0">
  <testcase classname="tests.HomePageTest" name="testPageTitleExists" time="1.735"/>
  <testcase classname="tests.HomePageTest" name="testNeoBrandLinkExists" time="0.931"/>
  <testcase classname="tests.HomePageTest" name="testPackTextExists" time="0.782"/>
  <testcase classname="tests.HomePageTest" name="testToolkitSubtitle" time="0.964"/>
  <testcase classname="tests.HomePageTest" name="testNavigationBarExists" time="0.717"/>
  <testcase classname="tests.HomePageTest" name="testMainSectionExists" time="0.331"/>
</testsuite> <!-- tests.HomePageTest -->
