<?xml version="1.0" encoding="UTF-8"?>
<!-- Generated by org.testng.reporters.JUnitReportReporter -->
<testsuite hostname="G15-Astra" failures="0" tests="6" name="tests.HomePageTest" time="2.038" errors="0" timestamp="2026-03-01T23:53:57 IST" skipped="0">
  <testcase classname="tests.HomePageTest" name="testPageTitle" time="1.502"/>
  <testcase classname="tests.HomePageTest" name="testPageLoads" time="0.142"/>
  <testcase classname="tests.HomePageTest" name="testRootDivExists" time="0.102"/>
  <testcase classname="tests.HomePageTest" name="testNeoPackBrandingVisible" time="0.096"/>
  <testcase classname="tests.HomePageTest" name="testToolkitSubtitleVisible" time="0.105"/>
  <testcase classname="tests.HomePageTest" name="testNavigationExists" time="0.091"/>
</testsuite> <!-- tests.HomePageTest -->
