<?xml version="1.0" encoding="UTF-8"?>
<!-- Generated by org.testng.reporters.JUnitXMLReporter -->
<testsuite ignored="0" hostname="G15-Astra" failures="0" tests="6" name="Homepage Tests" time="2.394" errors="0" timestamp="2026-03-01T23:20:16 IST">
  <testcase classname="tests.HomePageTest" name="testPageTitle" time="0.33"/>
  <testcase classname="tests.HomePageTest" name="testPageLoads" time="0.187"/>
  <testcase classname="tests.HomePageTest" name="testRootDivExists" time="0.093"/>
  <testcase classname="tests.HomePageTest" name="testNeoPackBrandingVisible" time="0.097"/>
  <testcase classname="tests.HomePageTest" name="testToolkitSubtitleVisible" time="0.1"/>
  <testcase classname="tests.HomePageTest" name="testNavigationExists" time="0.083"/>
</testsuite> <!-- Homepage Tests -->
